<?xml version="1.0" encoding="UTF-8"?>
<!-- Generated by org.testng.reporters.JUnitXMLReporter -->
<testsuite ignored="0" hostname="LIN-5CD5170S6X" failures="1" tests="2" name="Surefire test" time="16.205" errors="0" timestamp="2025-10-27T11:42:27 IST">
  <testcase classname="io.cucumber.testng.AbstractTestNGCucumberTests" name="runScenario" time="13.522"/>
  <testcase classname="io.cucumber.testng.AbstractTestNGCucumberTests" name="runScenario" time="14.491">
    <failure type="java.lang.AssertionError" message="Name MisMatch expected [Beetroot] but found [No data]">
      <![CDATA[java.lang.AssertionError: Name MisMatch expected [Beetroot] but found [No data]
at stepDefinitions.OfferPageStepDefinitions.validate_product_name_in_offer_page_matches_with_Landing_Page(OfferPageStepDefinitions.java:58)
at ✽.validate product name in offer page matches with Landing Page(file:///C:/Users/shidhana/eclipse-workspace/CucumberFramework/src/test/java/features/searchProduct.feature:9)
... Removed 5 stack frames]]>
    </failure>
  </testcase> <!-- runScenario -->
</testsuite> <!-- Surefire test -->
