<?xml version="1.0" encoding="UTF-8"?>
<!-- Generated by org.testng.reporters.JUnitXMLReporter -->
<testsuite ignored="0" hostname="LIN-5CD5170S6X" failures="1" tests="1" name="Default test" time="14.528" errors="0" timestamp="2025-10-26T11:36:32 IST">
  <testcase classname="io.cucumber.testng.AbstractTestNGCucumberTests" name="runScenario" time="12.662">
    <failure type="java.lang.AssertionError" message="Name MisMatch expected [Beetroot] but found [No data]">
      <![CDATA[java.lang.AssertionError: Name MisMatch expected [Beetroot] but found [No data]
at org.testng.Assert.fail(Assert.java:111)
at org.testng.Assert.failNotEquals(Assert.java:1590)
at org.testng.Assert.assertEqualsImpl(Assert.java:150)
at org.testng.Assert.assertEquals(Assert.java:132)
at org.testng.Assert.assertEquals(Assert.java:656)
at stepDefinitions.OfferPageStepDefinitions.validate_product_name_in_offer_page_matches_with_Landing_Page(OfferPageStepDefinitions.java:58)
at ✽.validate product name in offer page matches with Landing Page(file:///C:/Users/shidhana/eclipse-workspace/CucumberFramework/src/test/java/features/searchProduct.feature:9)
]]>
    </failure>
  </testcase> <!-- runScenario -->
</testsuite> <!-- Default test -->
