-------------------------------------------------------------------------------
Test set: TestSuite
-------------------------------------------------------------------------------
Tests run: 2, Failures: 1, Errors: 0, Skipped: 0, Time elapsed: 16.953 s <<< FAILURE! - in TestSuite
cucumberOptions.TestNGTestRunner.runScenario["Search Experience for product search in both home and Offers page", "Search and Place the order for products"](2)  Time elapsed: 14.484 s  <<< FAILURE!
java.lang.AssertionError: Name MisMatch expected [Beetroot] but found [No data]

