<?xml version="1.0" encoding="UTF-8"?>
<!-- Generated by org.testng.reporters.JUnitReportReporter -->
<testsuite hostname="LIN-5CD5170S6X" failures="1" tests="2" name="cucumberOptions.TestNGTestRunner" time="28.013" errors="0" timestamp="2025-10-27T11:42:28 IST" skipped="0">
  <testcase classname="cucumberOptions.TestNGTestRunner" name="runScenario" time="14.491">
    <failure message="Name MisMatch expected [Beetroot] but found [No data]" type="java.lang.AssertionError">
      <![CDATA[java.lang.AssertionError: Name MisMatch expected [Beetroot] but found [No data]
at org.testng.Assert.fail(Assert.java:111)
at org.testng.Assert.failNotEquals(Assert.java:1590)
at org.testng.Assert.assertEqualsImpl(Assert.java:150)
at org.testng.Assert.assertEquals(Assert.java:132)
at org.testng.Assert.assertEquals(Assert.java:656)
at stepDefinitions.OfferPageStepDefinitions.validate_product_name_in_offer_page_matches_with_Landing_Page(OfferPageStepDefinitions.java:58)
at ✽.validate product name in offer page matches with Landing Page(file:///C:/Users/shidhana/eclipse-workspace/CucumberFramework/src/test/java/features/searchProduct.feature:9)
]]>
    </failure>
  </testcase> <!-- runScenario -->
  <testcase classname="cucumberOptions.TestNGTestRunner" name="runScenario" time="13.522"/>
</testsuite> <!-- cucumberOptions.TestNGTestRunner -->
